<?xml version="1.0" encoding="UTF-8"?>
<!-- Generated by org.testng.reporters.JUnitReportReporter -->
<testsuite hostname="BLR-L-RVISWANAT" name="Rama.RestAuto.RegularExpressionGroupTest" tests="2" failures="0" timestamp="25 Mar 2016 10:49:30 GMT" time="0.010" errors="0">
  <testcase name="testMethodTwo" time="0.000" classname="Rama.RestAuto.RegularExpressionGroupTest"/>
  <testcase name="testMethodOne" time="0.010" classname="Rama.RestAuto.RegularExpressionGroupTest"/>
</testsuite> <!-- Rama.RestAuto.RegularExpressionGroupTest -->
